<?xml version="1.0" encoding="UTF-8"?>
<!-- Generated by org.testng.reporters.JUnitReportReporter -->
<testsuite skipped="0" hostname="DESKTOP-1UFPC69" name="com.testing.Practice.Practicepgm2" tests="1" failures="0" timestamp="01 Jun 2022 06:55:08 GMT" time="0.147" errors="0">
  <testcase name="practicepgm2" time="0.147" classname="com.testing.Practice.Practicepgm2"/>
</testsuite> <!-- com.testing.Practice.Practicepgm2 -->
