<?xml version="1.0" encoding="UTF-8"?>
<!-- Generated by org.testng.reporters.JUnitReportReporter -->
<testsuite skipped="0" hostname="DESKTOP-1UFPC69" name="com.testing.Practice.Practicepgms" tests="1" failures="0" timestamp="01 Jun 2022 06:36:25 GMT" time="0.108" errors="0">
  <testcase name="teststep1Test" time="0.108" classname="com.testing.Practice.Practicepgms"/>
</testsuite> <!-- com.testing.Practice.Practicepgms -->
